{"name": "test_click_element_with_wait", "status": "failed", "statusDetails": {"message": "Failed: Ошибка при проверке click_element: Expected 'until' to have been called once. Called 2 times.\nCalls: [call(<function presence_of_element_located.<locals>._predicate at 0x000001F260308B80>),\n call(<function element_to_be_clickable.<locals>._predicate at 0x000001F260308680>),\n call().click()].", "trace": "def test_click_element_with_wait():\n        \"\"\"\n        Тест для проверки метода click_element с ожиданием загрузки страницы.\n        \"\"\"\n        try:\n            from pages.base_page import BasePage\n            # Создаем мок для драйвера\n            mock_driver = Mock()\n            page = BasePage(mock_driver)\n    \n            # Настраиваем моки\n            mock_wait = Mock()\n            page.wait = mock_wait\n            mock_element = Mock()\n            mock_wait.until.return_value = mock_element\n    \n            # Вызываем метод\n            locator = (\"id\", \"test\")\n            page.click_element(locator)\n    \n            # Проверяем, что wait_for_page_load был вызван\n            # Проверяем, что until был вызван с правильными аргументами\n>           mock_wait.until.assert_called_once()\n\ntests\\test_dynamic_content.py:74: \n_ _ _ _ _ _ _ _ _ _ _ _ _ _ _ _ _ _ _ _ _ _ \n\nself = <Mock name='mock.until' id='2140506794576'>\n\n    def assert_called_once(self):\n        \"\"\"assert that the mock was called only once.\n        \"\"\"\n        if not self.call_count == 1:\n            msg = (\"Expected '%s' to have been called once. Called %s times.%s\"\n                   % (self._mock_name or 'mock',\n                      self.call_count,\n                      self._calls_repr()))\n>           raise AssertionError(msg)\nE           AssertionError: Expected 'until' to have been called once. Called 2 times.\nE           Calls: [call(<function presence_of_element_located.<locals>._predicate at 0x000001F260308B80>),\nE            call(<function element_to_be_clickable.<locals>._predicate at 0x000001F260308680>),\nE            call().click()].\n\nC:\\Program Files\\Python313\\Lib\\unittest\\mock.py:958: AssertionError\n\nDuring handling of the above exception, another exception occurred:\n\n    def test_click_element_with_wait():\n        \"\"\"\n        Тест для проверки метода click_element с ожиданием загрузки страницы.\n        \"\"\"\n        try:\n            from pages.base_page import BasePage\n            # Создаем мок для драйвера\n            mock_driver = Mock()\n            page = BasePage(mock_driver)\n    \n            # Настраиваем моки\n            mock_wait = Mock()\n            page.wait = mock_wait\n            mock_element = Mock()\n            mock_wait.until.return_value = mock_element\n    \n            # Вызываем метод\n            locator = (\"id\", \"test\")\n            page.click_element(locator)\n    \n            # Проверяем, что wait_for_page_load был вызван\n            # Проверяем, что until был вызван с правильными аргументами\n            mock_wait.until.assert_called_once()\n            # Проверяем, что click был вызван у элемента\n            mock_element.click.assert_called_once()\n        except Exception as e:\n>           pytest.fail(f\"Ошибка при проверке click_element: {e}\")\nE           Failed: Ошибка при проверке click_element: Expected 'until' to have been called once. Called 2 times.\nE           Calls: [call(<function presence_of_element_located.<locals>._predicate at 0x000001F260308B80>),\nE            call(<function element_to_be_clickable.<locals>._predicate at 0x000001F260308680>),\nE            call().click()].\n\ntests\\test_dynamic_content.py:78: Failed"}, "description": "\nТест для проверки метода click_element с ожиданием загрузки страницы.\n", "start": 1764449332466, "stop": 1764449334467, "uuid": "8e63e9de-127d-4f2d-823e-4eed26a2f69a", "historyId": "b328d9f11a5d100323f30d04c68804ab", "testCaseId": "b328d9f11a5d100323f30d04c68804ab", "fullName": "tests.test_dynamic_content#test_click_element_with_wait", "labels": [{"name": "parentSuite", "value": "tests"}, {"name": "suite", "value": "test_dynamic_content"}, {"name": "host", "value": "WIN-Q1UI8T7AU77"}, {"name": "thread", "value": "99080-MainThread"}, {"name": "framework", "value": "pytest"}, {"name": "language", "value": "cpython3"}, {"name": "package", "value": "tests.test_dynamic_content"}]}