{"name": "test_find_element_with_wait", "status": "failed", "statusDetails": {"message": "Failed: Ошибка при проверке find_element: Expected 'until' to have been called once. Called 2 times.\nCalls: [call(<function presence_of_element_located.<locals>._predicate at 0x000001F2602D6160>),\n call(<function presence_of_element_located.<locals>._predicate at 0x000001F2602D6200>)].", "trace": "def test_find_element_with_wait():\n        \"\"\"\n        Тест для проверки метода find_element с ожиданием загрузки страницы.\n        \"\"\"\n        try:\n            from pages.base_page import BasePage\n            # Создаем мок для драйвера\n            mock_driver = Mock()\n            page = BasePage(mock_driver)\n    \n            # Настраиваем моки\n            mock_wait = Mock()\n            page.wait = mock_wait\n            mock_element = Mock()\n            mock_wait.until.return_value = mock_element\n    \n            # Вызываем метод\n            locator = (\"id\", \"test\")\n            element = page.find_element(locator)\n    \n            # Проверяем, что wait_for_page_load был вызван\n            # Проверяем, что until был вызван с правильными аргументами\n>           mock_wait.until.assert_called_once()\n\ntests\\test_dynamic_content.py:47: \n_ _ _ _ _ _ _ _ _ _ _ _ _ _ _ _ _ _ _ _ _ _ \n\nself = <Mock name='mock.until' id='2140506794912'>\n\n    def assert_called_once(self):\n        \"\"\"assert that the mock was called only once.\n        \"\"\"\n        if not self.call_count == 1:\n            msg = (\"Expected '%s' to have been called once. Called %s times.%s\"\n                   % (self._mock_name or 'mock',\n                      self.call_count,\n                      self._calls_repr()))\n>           raise AssertionError(msg)\nE           AssertionError: Expected 'until' to have been called once. Called 2 times.\nE           Calls: [call(<function presence_of_element_located.<locals>._predicate at 0x000001F2602D6160>),\nE            call(<function presence_of_element_located.<locals>._predicate at 0x000001F2602D6200>)].\n\nC:\\Program Files\\Python313\\Lib\\unittest\\mock.py:958: AssertionError\n\nDuring handling of the above exception, another exception occurred:\n\n    def test_find_element_with_wait():\n        \"\"\"\n        Тест для проверки метода find_element с ожиданием загрузки страницы.\n        \"\"\"\n        try:\n            from pages.base_page import BasePage\n            # Создаем мок для драйвера\n            mock_driver = Mock()\n            page = BasePage(mock_driver)\n    \n            # Настраиваем моки\n            mock_wait = Mock()\n            page.wait = mock_wait\n            mock_element = Mock()\n            mock_wait.until.return_value = mock_element\n    \n            # Вызываем метод\n            locator = (\"id\", \"test\")\n            element = page.find_element(locator)\n    \n            # Проверяем, что wait_for_page_load был вызван\n            # Проверяем, что until был вызван с правильными аргументами\n            mock_wait.until.assert_called_once()\n            assert element == mock_element\n        except Exception as e:\n>           pytest.fail(f\"Ошибка при проверке find_element: {e}\")\nE           Failed: Ошибка при проверке find_element: Expected 'until' to have been called once. Called 2 times.\nE           Calls: [call(<function presence_of_element_located.<locals>._predicate at 0x000001F2602D6160>),\nE            call(<function presence_of_element_located.<locals>._predicate at 0x000001F2602D6200>)].\n\ntests\\test_dynamic_content.py:50: Failed"}, "description": "\nТест для проверки метода find_element с ожиданием загрузки страницы.\n", "start": 1764449330361, "stop": 1764449332361, "uuid": "ca4d5655-48da-4bd4-9d7f-fce95ebde3e6", "historyId": "350a3cfdc192a2799b1f1ac6e9602700", "testCaseId": "350a3cfdc192a2799b1f1ac6e9602700", "fullName": "tests.test_dynamic_content#test_find_element_with_wait", "labels": [{"name": "parentSuite", "value": "tests"}, {"name": "suite", "value": "test_dynamic_content"}, {"name": "host", "value": "WIN-Q1UI8T7AU77"}, {"name": "thread", "value": "99080-MainThread"}, {"name": "framework", "value": "pytest"}, {"name": "language", "value": "cpython3"}, {"name": "package", "value": "tests.test_dynamic_content"}]}