{"name": "test_ingredient_counter_increase", "status": "failed", "statusDetails": {"message": "Failed: Ошибка при проверке счетчика ингредиента: assert 5 == '5'", "trace": "def test_ingredient_counter_increase():\n        \"\"\"\n        Проверка увеличения счетчика ингредиента при добавлении в заказ\n        \"\"\"\n        try:\n            from pages.main_page import MainPage\n            # Создаем мок для драйвера\n            mock_driver = Mock()\n            page = MainPage(mock_driver)\n    \n            # Настраиваем мок для возврата значения счетчика\n            test_counter = \"5\"\n            page.get_text = Mock(return_value=test_counter)\n    \n            # Вызываем метод\n            counter = page.get_ingredient_counter()\n    \n            # Проверяем, что метод get_text был вызван с правильным локатором\n            page.get_text.assert_called_once_with(page.INGREDIENT_COUNTER)\n            # Проверяем, что возвращено правильное значение\n>           assert counter == test_counter\nE           AssertionError: assert 5 == '5'\n\ntests\\test_functionality.py:112: AssertionError\n\nDuring handling of the above exception, another exception occurred:\n\n    def test_ingredient_counter_increase():\n        \"\"\"\n        Проверка увеличения счетчика ингредиента при добавлении в заказ\n        \"\"\"\n        try:\n            from pages.main_page import MainPage\n            # Создаем мок для драйвера\n            mock_driver = Mock()\n            page = MainPage(mock_driver)\n    \n            # Настраиваем мок для возврата значения счетчика\n            test_counter = \"5\"\n            page.get_text = Mock(return_value=test_counter)\n    \n            # Вызываем метод\n            counter = page.get_ingredient_counter()\n    \n            # Проверяем, что метод get_text был вызван с правильным локатором\n            page.get_text.assert_called_once_with(page.INGREDIENT_COUNTER)\n            # Проверяем, что возвращено правильное значение\n            assert counter == test_counter\n        except Exception as e:\n>           pytest.fail(f\"Ошибка при проверке счетчика ингредиента: {e}\")\nE           Failed: Ошибка при проверке счетчика ингредиента: assert 5 == '5'\n\ntests\\test_functionality.py:114: Failed"}, "description": "\nПроверка увеличения счетчика ингредиента при добавлении в заказ\n", "start": 1764451265335, "stop": 1764451265335, "uuid": "301f64c8-326f-4df4-979e-386b01837d01", "historyId": "7c23a0708c806ca6deea96c30891b994", "testCaseId": "7c23a0708c806ca6deea96c30891b994", "fullName": "tests.test_functionality#test_ingredient_counter_increase", "labels": [{"name": "parentSuite", "value": "tests"}, {"name": "suite", "value": "test_functionality"}, {"name": "host", "value": "WIN-Q1UI8T7AU77"}, {"name": "thread", "value": "101348-MainThread"}, {"name": "framework", "value": "pytest"}, {"name": "language", "value": "cpython3"}, {"name": "package", "value": "tests.test_functionality"}]}