{"name": "test_main_page_attributes", "status": "failed", "statusDetails": {"message": "Failed: Ошибка при проверке атрибутов MainPage: assert False\n +  where False = hasattr(MainPage, 'url')", "trace": "def test_main_page_attributes():\n        \"\"\"\n        Тест для проверки атрибутов MainPage.\n        \"\"\"\n        try:\n            # Проверяем, что MainPage имеет нужные атрибуты\n>           assert hasattr(MainPage, 'url')\nE           AssertionError: assert False\nE            +  where False = hasattr(MainPage, 'url')\n\ntests\\test_additional_functionality.py:71: AssertionError\n\nDuring handling of the above exception, another exception occurred:\n\n    def test_main_page_attributes():\n        \"\"\"\n        Тест для проверки атрибутов MainPage.\n        \"\"\"\n        try:\n            # Проверяем, что MainPage имеет нужные атрибуты\n            assert hasattr(MainPage, 'url')\n            assert hasattr(MainPage, 'navigation')\n        except Exception as e:\n>           pytest.fail(f\"Ошибка при проверке атрибутов MainPage: {e}\")\nE           Failed: Ошибка при проверке атрибутов MainPage: assert False\nE            +  where False = hasattr(MainPage, 'url')\n\ntests\\test_additional_functionality.py:74: Failed"}, "description": "\nТест для проверки атрибутов MainPage.\n", "start": 1764450432202, "stop": 1764450432203, "uuid": "9b5b998c-4993-4d72-9769-245485351edb", "historyId": "b613a83bbc23c6131cb5886c4613fde0", "testCaseId": "b613a83bbc23c6131cb5886c4613fde0", "fullName": "tests.test_additional_functionality#test_main_page_attributes", "labels": [{"name": "parentSuite", "value": "tests"}, {"name": "suite", "value": "test_additional_functionality"}, {"name": "host", "value": "WIN-Q1UI8T7AU77"}, {"name": "thread", "value": "98844-MainThread"}, {"name": "framework", "value": "pytest"}, {"name": "language", "value": "cpython3"}, {"name": "package", "value": "tests.test_additional_functionality"}]}