{"name": "test_site_loads[firefox]", "status": "failed", "statusDetails": {"message": "AssertionError: assert 'stellarburgers' in 'stellar burgers'\n +  where 'stellar burgers' = <built-in method lower of str object at 0x0000023F481B6670>()\n +    where <built-in method lower of str object at 0x0000023F481B6670> = 'Stellar Burgers'.lower\n +      where 'Stellar Burgers' = <selenium.webdriver.firefox.webdriver.WebDriver (session=\"1dfa82cb-8c8a-4116-b9d8-9dc816d5fcdc\")>.title", "trace": "browser = <selenium.webdriver.firefox.webdriver.WebDriver (session=\"1dfa82cb-8c8a-4116-b9d8-9dc816d5fcdc\")>\n\n    def test_site_loads(browser):\n        page = MainPage(browser)\n        try:\n            page.open()\n            # Проверяем, что страница загрузилась\n>           assert \"stellarburgers\" in browser.title.lower()\nE           assert 'stellarburgers' in 'stellar burgers'\nE            +  where 'stellar burgers' = <built-in method lower of str object at 0x0000023F481B6670>()\nE            +    where <built-in method lower of str object at 0x0000023F481B6670> = 'Stellar Burgers'.lower\nE            +      where 'Stellar Burgers' = <selenium.webdriver.firefox.webdriver.WebDriver (session=\"1dfa82cb-8c8a-4116-b9d8-9dc816d5fcdc\")>.title\n\ntests\\test_main_functionality.py:11: AssertionError"}, "parameters": [{"name": "browser", "value": "'firefox'"}], "start": 1764442762491, "stop": 1764442814478, "uuid": "84d7adc1-fe0b-4ac7-adc3-19bfb4ed15f0", "historyId": "b2af6aff179c0662da5955feee961bd2", "testCaseId": "7cdca5c05fbca7e94a3fa3005756c16b", "fullName": "tests.test_main_functionality#test_site_loads", "labels": [{"name": "parentSuite", "value": "tests"}, {"name": "suite", "value": "test_main_functionality"}, {"name": "host", "value": "WIN-Q1UI8T7AU77"}, {"name": "thread", "value": "101788-MainThread"}, {"name": "framework", "value": "pytest"}, {"name": "language", "value": "cpython3"}, {"name": "package", "value": "tests.test_main_functionality"}]}