{"name": "test_site_loads[firefox]", "status": "failed", "statusDetails": {"message": "AssertionError: assert 'stellarburgers' in 'stellar burgers'\n +  where 'stellar burgers' = <built-in method lower of str object at 0x000001A288A53F30>()\n +    where <built-in method lower of str object at 0x000001A288A53F30> = 'Stellar Burgers'.lower\n +      where 'Stellar Burgers' = <selenium.webdriver.firefox.webdriver.WebDriver (session=\"22d1fce0-01d1-4adf-8d64-4e01e1f2df69\")>.title", "trace": "browser = <selenium.webdriver.firefox.webdriver.WebDriver (session=\"22d1fce0-01d1-4adf-8d64-4e01e1f2df69\")>\n\n    def test_site_loads(browser):\n        page = MainPage(browser)\n        try:\n            page.open()\n            # Проверяем, что страница загрузилась\n>           assert \"stellar\" in browser.title.lower() and \"burgers\" in browser.title.lower()\nE           assert 'stellarburgers' in 'stellar burgers'\nE            +  where 'stellar burgers' = <built-in method lower of str object at 0x000001A288A53F30>()\nE            +    where <built-in method lower of str object at 0x000001A288A53F30> = 'Stellar Burgers'.lower\nE            +      where 'Stellar Burgers' = <selenium.webdriver.firefox.webdriver.WebDriver (session=\"22d1fce0-01d1-4adf-8d64-4e01e1f2df69\")>.title\n\ntests\\test_main_functionality.py:11: AssertionError"}, "parameters": [{"name": "browser", "value": "'firefox'"}], "start": 1764445917635, "stop": 1764445969753, "uuid": "21ab977d-b3d6-4a3c-986d-bdc559c10ccd", "historyId": "b2af6aff179c0662da5955feee961bd2", "testCaseId": "7cdca5c05fbca7e94a3fa3005756c16b", "fullName": "tests.test_main_functionality#test_site_loads", "labels": [{"name": "parentSuite", "value": "tests"}, {"name": "suite", "value": "test_main_functionality"}, {"name": "host", "value": "WIN-Q1UI8T7AU77"}, {"name": "thread", "value": "85992-MainThread"}, {"name": "framework", "value": "pytest"}, {"name": "language", "value": "cpython3"}, {"name": "package", "value": "tests.test_main_functionality"}]}