{"name": "test_order_feed_link", "status": "failed", "statusDetails": {"message": "Failed: Ошибка при проверке перехода в ленту заказов: Expected 'click_element' to be called once. Called 0 times.", "trace": "def test_order_feed_link():\n        \"\"\"\n        Проверка перехода по клику на раздел «Лента заказов»\n        \"\"\"\n        try:\n            from pages.main_page import MainPage\n            # Создаем мок для драйвера\n            mock_driver = Mock()\n            page = MainPage(mock_driver)\n    \n            # Настраиваем мок для navigation component\n            mock_navigation = Mock()\n            page.navigation = mock_navigation\n    \n            # Вызываем метод\n            page.click_order_feed()\n    \n            # Проверяем, что метод click_element был вызван с правильным локатором\n>           mock_navigation.click_element.assert_called_once_with(mock_navigation.ORDER_FEED_LINK)\n\ntests\\test_functionality.py:44: \n_ _ _ _ _ _ _ _ _ _ _ _ _ _ _ _ _ _ _ _ _ _ \n\nself = <Mock name='mock.click_element' id='2270949752320'>\nargs = (<Mock name='mock.ORDER_FEED_LINK' id='2270953390160'>,)\nkwargs = {}\nmsg = \"Expected 'click_element' to be called once. Called 0 times.\"\n\n    def assert_called_once_with(self, /, *args, **kwargs):\n        \"\"\"assert that the mock was called exactly once and that that call was\n        with the specified arguments.\"\"\"\n        if not self.call_count == 1:\n            msg = (\"Expected '%s' to be called once. Called %s times.%s\"\n                   % (self._mock_name or 'mock',\n                      self.call_count,\n                      self._calls_repr()))\n>           raise AssertionError(msg)\nE           AssertionError: Expected 'click_element' to be called once. Called 0 times.\n\nC:\\Program Files\\Python313\\Lib\\unittest\\mock.py:990: AssertionError\n\nDuring handling of the above exception, another exception occurred:\n\n    def test_order_feed_link():\n        \"\"\"\n        Проверка перехода по клику на раздел «Лента заказов»\n        \"\"\"\n        try:\n            from pages.main_page import MainPage\n            # Создаем мок для драйвера\n            mock_driver = Mock()\n            page = MainPage(mock_driver)\n    \n            # Настраиваем мок для navigation component\n            mock_navigation = Mock()\n            page.navigation = mock_navigation\n    \n            # Вызываем метод\n            page.click_order_feed()\n    \n            # Проверяем, что метод click_element был вызван с правильным локатором\n            mock_navigation.click_element.assert_called_once_with(mock_navigation.ORDER_FEED_LINK)\n        except Exception as e:\n>           pytest.fail(f\"Ошибка при проверке перехода в ленту заказов: {e}\")\nE           Failed: Ошибка при проверке перехода в ленту заказов: Expected 'click_element' to be called once. Called 0 times.\n\ntests\\test_functionality.py:46: Failed"}, "description": "\nПроверка перехода по клику на раздел «Лента заказов»\n", "start": 1764446753573, "stop": 1764446753574, "uuid": "b7afbadf-39c4-4d6b-8be7-84a38946f666", "historyId": "969f248cb6a9010f8f24608e75c72373", "testCaseId": "969f248cb6a9010f8f24608e75c72373", "fullName": "tests.test_functionality#test_order_feed_link", "labels": [{"name": "parentSuite", "value": "tests"}, {"name": "suite", "value": "test_functionality"}, {"name": "host", "value": "WIN-Q1UI8T7AU77"}, {"name": "thread", "value": "80604-MainThread"}, {"name": "framework", "value": "pytest"}, {"name": "language", "value": "cpython3"}, {"name": "package", "value": "tests.test_functionality"}]}