{"name": "test_site_loads[firefox]", "status": "failed", "statusDetails": {"message": "AssertionError: assert 'stellarburgers' in 'stellar burgers'\n +  where 'stellar burgers' = <built-in method lower of str object at 0x0000019B53E8BEB0>()\n +    where <built-in method lower of str object at 0x0000019B53E8BEB0> = 'Stellar Burgers'.lower\n +      where 'Stellar Burgers' = <selenium.webdriver.firefox.webdriver.WebDriver (session=\"dc666888-2ac3-4782-931e-bbbafdf87c8a\")>.title", "trace": "browser = <selenium.webdriver.firefox.webdriver.WebDriver (session=\"dc666888-2ac3-4782-931e-bbbafdf87c8a\")>\n\n    def test_site_loads(browser):\n        \"\"\"Проверка, что сайт загружается\"\"\"\n        page = MainPage(browser)\n        try:\n            page.open()\n            # Просто проверяем, что страница загрузилась, проверяя наличие какого-либо элемента\n>           assert \"stellarburgers\" in browser.title.lower()\nE           assert 'stellarburgers' in 'stellar burgers'\nE            +  where 'stellar burgers' = <built-in method lower of str object at 0x0000019B53E8BEB0>()\nE            +    where <built-in method lower of str object at 0x0000019B53E8BEB0> = 'Stellar Burgers'.lower\nE            +      where 'Stellar Burgers' = <selenium.webdriver.firefox.webdriver.WebDriver (session=\"dc666888-2ac3-4782-931e-bbbafdf87c8a\")>.title\n\ntests\\test_main_functionality.py:11: AssertionError"}, "description": "Проверка, что сайт загружается", "parameters": [{"name": "browser", "value": "'firefox'"}], "start": 1764429215658, "stop": 1764429223617, "uuid": "ecee817c-b012-40d8-a4a6-66e60f204144", "historyId": "b2af6aff179c0662da5955feee961bd2", "testCaseId": "7cdca5c05fbca7e94a3fa3005756c16b", "fullName": "tests.test_main_functionality#test_site_loads", "labels": [{"name": "parentSuite", "value": "tests"}, {"name": "suite", "value": "test_main_functionality"}, {"name": "host", "value": "WIN-Q1UI8T7AU77"}, {"name": "thread", "value": "98468-MainThread"}, {"name": "framework", "value": "pytest"}, {"name": "language", "value": "cpython3"}, {"name": "package", "value": "tests.test_main_functionality"}]}